mode: set
github.com/kanthorlabs/kanthor/services/portal/usecase/credentials.go:36.64,38.16 2 0
github.com/kanthorlabs/kanthor/services/portal/usecase/credentials.go:38.16,40.3 1 0
github.com/kanthorlabs/kanthor/services/portal/usecase/credentials.go:42.2,42.22 1 0
github.com/kanthorlabs/kanthor/services/portal/usecase/credentials.go:45.105,47.16 2 0
github.com/kanthorlabs/kanthor/services/portal/usecase/credentials.go:47.16,49.3 1 0
github.com/kanthorlabs/kanthor/services/portal/usecase/credentials.go:51.2,52.16 2 0
github.com/kanthorlabs/kanthor/services/portal/usecase/credentials.go:52.16,54.3 1 0
github.com/kanthorlabs/kanthor/services/portal/usecase/credentials.go:56.2,57.25 2 0
github.com/kanthorlabs/kanthor/services/portal/usecase/credentials.go:57.25,59.3 1 0
github.com/kanthorlabs/kanthor/services/portal/usecase/credentials.go:61.2,62.16 2 0
github.com/kanthorlabs/kanthor/services/portal/usecase/credentials.go:62.16,64.3 1 0
github.com/kanthorlabs/kanthor/services/portal/usecase/credentials.go:66.2,66.37 1 0
github.com/kanthorlabs/kanthor/services/portal/usecase/credentials.go:79.95,82.23 3 0
github.com/kanthorlabs/kanthor/services/portal/usecase/credentials.go:82.23,86.16 2 0
github.com/kanthorlabs/kanthor/services/portal/usecase/credentials.go:86.16,87.12 1 0
github.com/kanthorlabs/kanthor/services/portal/usecase/credentials.go:90.3,90.46 1 0
github.com/kanthorlabs/kanthor/services/portal/usecase/credentials.go:90.46,91.12 1 0
github.com/kanthorlabs/kanthor/services/portal/usecase/credentials.go:94.3,98.4 2 0
github.com/kanthorlabs/kanthor/services/portal/usecase/credentials.go:100.2,100.24 1 0
github.com/kanthorlabs/kanthor/services/portal/usecase/credentials.go:103.105,105.26 2 0
github.com/kanthorlabs/kanthor/services/portal/usecase/credentials.go:105.26,106.52 1 0
github.com/kanthorlabs/kanthor/services/portal/usecase/credentials.go:106.52,113.4 6 0
github.com/kanthorlabs/kanthor/services/portal/usecase/credentials.go:115.2,115.11 1 0
github.com/kanthorlabs/kanthor/services/portal/usecase/credentials_create.go:22.108,24.16 2 0
github.com/kanthorlabs/kanthor/services/portal/usecase/credentials_create.go:24.16,27.3 2 0
github.com/kanthorlabs/kanthor/services/portal/usecase/credentials_create.go:29.2,29.38 1 0
github.com/kanthorlabs/kanthor/services/portal/usecase/credentials_create.go:29.38,31.3 1 0
github.com/kanthorlabs/kanthor/services/portal/usecase/credentials_create.go:33.2,50.52 4 0
github.com/kanthorlabs/kanthor/services/portal/usecase/credentials_create.go:50.52,53.3 2 0
github.com/kanthorlabs/kanthor/services/portal/usecase/credentials_create.go:55.2,60.69 2 0
github.com/kanthorlabs/kanthor/services/portal/usecase/credentials_create.go:60.69,63.3 2 0
github.com/kanthorlabs/kanthor/services/portal/usecase/credentials_create.go:65.2,65.17 1 0
github.com/kanthorlabs/kanthor/services/portal/usecase/credentials_create.go:73.49,78.2 1 0
github.com/kanthorlabs/kanthor/services/portal/usecase/credentials_expire.go:14.108,15.38 1 0
github.com/kanthorlabs/kanthor/services/portal/usecase/credentials_expire.go:15.38,17.3 1 0
github.com/kanthorlabs/kanthor/services/portal/usecase/credentials_expire.go:19.2,20.16 2 0
github.com/kanthorlabs/kanthor/services/portal/usecase/credentials_expire.go:20.16,23.3 2 0
github.com/kanthorlabs/kanthor/services/portal/usecase/credentials_expire.go:24.2,24.24 1 0
github.com/kanthorlabs/kanthor/services/portal/usecase/credentials_expire.go:24.24,27.3 2 0
github.com/kanthorlabs/kanthor/services/portal/usecase/credentials_expire.go:29.2,34.94 4 0
github.com/kanthorlabs/kanthor/services/portal/usecase/credentials_expire.go:34.94,37.3 2 0
github.com/kanthorlabs/kanthor/services/portal/usecase/credentials_expire.go:39.2,39.17 1 0
github.com/kanthorlabs/kanthor/services/portal/usecase/credentials_expire.go:48.49,55.2 1 0
github.com/kanthorlabs/kanthor/services/portal/usecase/credentials_get.go:13.99,14.38 1 0
github.com/kanthorlabs/kanthor/services/portal/usecase/credentials_get.go:14.38,16.3 1 0
github.com/kanthorlabs/kanthor/services/portal/usecase/credentials_get.go:18.2,19.16 2 0
github.com/kanthorlabs/kanthor/services/portal/usecase/credentials_get.go:19.16,22.3 2 0
github.com/kanthorlabs/kanthor/services/portal/usecase/credentials_get.go:23.2,23.24 1 0
github.com/kanthorlabs/kanthor/services/portal/usecase/credentials_get.go:23.24,26.3 2 0
github.com/kanthorlabs/kanthor/services/portal/usecase/credentials_get.go:28.2,29.17 2 0
github.com/kanthorlabs/kanthor/services/portal/usecase/credentials_get.go:37.46,42.2 1 0
github.com/kanthorlabs/kanthor/services/portal/usecase/credentials_list.go:13.102,14.38 1 0
github.com/kanthorlabs/kanthor/services/portal/usecase/credentials_list.go:14.38,16.3 1 0
github.com/kanthorlabs/kanthor/services/portal/usecase/credentials_list.go:18.2,19.16 2 0
github.com/kanthorlabs/kanthor/services/portal/usecase/credentials_list.go:19.16,22.3 2 0
github.com/kanthorlabs/kanthor/services/portal/usecase/credentials_list.go:24.2,25.17 2 0
github.com/kanthorlabs/kanthor/services/portal/usecase/credentials_list.go:33.47,37.2 1 0
github.com/kanthorlabs/kanthor/services/portal/usecase/credentials_update.go:14.108,15.38 1 0
github.com/kanthorlabs/kanthor/services/portal/usecase/credentials_update.go:15.38,17.3 1 0
github.com/kanthorlabs/kanthor/services/portal/usecase/credentials_update.go:19.2,20.16 2 0
github.com/kanthorlabs/kanthor/services/portal/usecase/credentials_update.go:20.16,23.3 2 0
github.com/kanthorlabs/kanthor/services/portal/usecase/credentials_update.go:24.2,24.24 1 0
github.com/kanthorlabs/kanthor/services/portal/usecase/credentials_update.go:24.24,27.3 2 0
github.com/kanthorlabs/kanthor/services/portal/usecase/credentials_update.go:29.2,37.67 4 0
github.com/kanthorlabs/kanthor/services/portal/usecase/credentials_update.go:37.67,40.3 2 0
github.com/kanthorlabs/kanthor/services/portal/usecase/credentials_update.go:42.2,43.17 2 0
github.com/kanthorlabs/kanthor/services/portal/usecase/credentials_update.go:52.49,59.2 1 0
github.com/kanthorlabs/kanthor/services/portal/usecase/usecase.go:18.19,26.2 2 0
github.com/kanthorlabs/kanthor/services/portal/usecase/usecase.go:45.41,49.25 3 1
github.com/kanthorlabs/kanthor/services/portal/usecase/usecase.go:49.25,57.3 1 1
github.com/kanthorlabs/kanthor/services/portal/usecase/usecase.go:59.2,59.21 1 1
github.com/kanthorlabs/kanthor/services/portal/usecase/usecase.go:62.45,66.27 3 0
github.com/kanthorlabs/kanthor/services/portal/usecase/usecase.go:66.27,74.3 1 0
github.com/kanthorlabs/kanthor/services/portal/usecase/usecase.go:76.2,76.23 1 0
github.com/kanthorlabs/kanthor/services/portal/usecase/workspace_create.go:17.102,18.38 1 1
github.com/kanthorlabs/kanthor/services/portal/usecase/workspace_create.go:18.38,20.3 1 0
github.com/kanthorlabs/kanthor/services/portal/usecase/workspace_create.go:22.2,30.69 4 1
github.com/kanthorlabs/kanthor/services/portal/usecase/workspace_create.go:30.69,31.46 1 1
github.com/kanthorlabs/kanthor/services/portal/usecase/workspace_create.go:31.46,34.4 2 0
github.com/kanthorlabs/kanthor/services/portal/usecase/workspace_create.go:36.3,41.70 2 1
github.com/kanthorlabs/kanthor/services/portal/usecase/workspace_create.go:41.70,45.4 2 0
github.com/kanthorlabs/kanthor/services/portal/usecase/workspace_create.go:47.3,47.13 1 1
github.com/kanthorlabs/kanthor/services/portal/usecase/workspace_create.go:49.2,49.16 1 1
github.com/kanthorlabs/kanthor/services/portal/usecase/workspace_create.go:49.16,52.3 1 0
github.com/kanthorlabs/kanthor/services/portal/usecase/workspace_create.go:54.2,55.17 2 1
github.com/kanthorlabs/kanthor/services/portal/usecase/workspace_create.go:64.47,70.2 1 1
github.com/kanthorlabs/kanthor/services/portal/usecase/workspace_delete.go:16.102,17.38 1 0
github.com/kanthorlabs/kanthor/services/portal/usecase/workspace_delete.go:17.38,19.3 1 0
github.com/kanthorlabs/kanthor/services/portal/usecase/workspace_delete.go:21.2,23.69 2 0
github.com/kanthorlabs/kanthor/services/portal/usecase/workspace_delete.go:23.69,25.17 2 0
github.com/kanthorlabs/kanthor/services/portal/usecase/workspace_delete.go:25.17,28.4 2 0
github.com/kanthorlabs/kanthor/services/portal/usecase/workspace_delete.go:30.3,31.44 2 0
github.com/kanthorlabs/kanthor/services/portal/usecase/workspace_delete.go:31.44,34.4 2 0
github.com/kanthorlabs/kanthor/services/portal/usecase/workspace_delete.go:36.3,36.46 1 0
github.com/kanthorlabs/kanthor/services/portal/usecase/workspace_delete.go:36.46,39.4 2 0
github.com/kanthorlabs/kanthor/services/portal/usecase/workspace_delete.go:41.3,41.13 1 0
github.com/kanthorlabs/kanthor/services/portal/usecase/workspace_delete.go:43.2,43.16 1 0
github.com/kanthorlabs/kanthor/services/portal/usecase/workspace_delete.go:43.16,46.3 1 0
github.com/kanthorlabs/kanthor/services/portal/usecase/workspace_delete.go:48.2,49.17 2 0
github.com/kanthorlabs/kanthor/services/portal/usecase/workspace_delete.go:56.47,60.2 1 0
github.com/kanthorlabs/kanthor/services/portal/usecase/workspace_get.go:14.93,15.38 1 0
github.com/kanthorlabs/kanthor/services/portal/usecase/workspace_get.go:15.38,17.3 1 0
github.com/kanthorlabs/kanthor/services/portal/usecase/workspace_get.go:19.2,21.16 3 0
github.com/kanthorlabs/kanthor/services/portal/usecase/workspace_get.go:21.16,24.3 2 0
github.com/kanthorlabs/kanthor/services/portal/usecase/workspace_get.go:26.2,27.17 2 0
github.com/kanthorlabs/kanthor/services/portal/usecase/workspace_get.go:34.44,38.2 1 0
github.com/kanthorlabs/kanthor/services/portal/usecase/workspace_list.go:16.96,17.38 1 0
github.com/kanthorlabs/kanthor/services/portal/usecase/workspace_list.go:17.38,19.3 1 0
github.com/kanthorlabs/kanthor/services/portal/usecase/workspace_list.go:21.2,22.16 2 0
github.com/kanthorlabs/kanthor/services/portal/usecase/workspace_list.go:22.16,25.3 2 0
github.com/kanthorlabs/kanthor/services/portal/usecase/workspace_list.go:27.2,29.23 2 0
github.com/kanthorlabs/kanthor/services/portal/usecase/workspace_list.go:29.23,31.3 1 0
github.com/kanthorlabs/kanthor/services/portal/usecase/workspace_list.go:32.2,32.70 1 0
github.com/kanthorlabs/kanthor/services/portal/usecase/workspace_list.go:32.70,34.3 1 0
github.com/kanthorlabs/kanthor/services/portal/usecase/workspace_list.go:36.2,37.16 2 0
github.com/kanthorlabs/kanthor/services/portal/usecase/workspace_list.go:37.16,40.3 2 0
github.com/kanthorlabs/kanthor/services/portal/usecase/workspace_list.go:42.2,42.43 1 0
github.com/kanthorlabs/kanthor/services/portal/usecase/workspace_list.go:49.45,53.2 1 0
github.com/kanthorlabs/kanthor/services/portal/usecase/workspace_update.go:16.102,17.38 1 0
github.com/kanthorlabs/kanthor/services/portal/usecase/workspace_update.go:17.38,19.3 1 0
github.com/kanthorlabs/kanthor/services/portal/usecase/workspace_update.go:21.2,23.69 2 0
github.com/kanthorlabs/kanthor/services/portal/usecase/workspace_update.go:23.69,25.17 2 0
github.com/kanthorlabs/kanthor/services/portal/usecase/workspace_update.go:25.17,28.4 2 0
github.com/kanthorlabs/kanthor/services/portal/usecase/workspace_update.go:30.3,32.44 3 0
github.com/kanthorlabs/kanthor/services/portal/usecase/workspace_update.go:32.44,35.4 2 0
github.com/kanthorlabs/kanthor/services/portal/usecase/workspace_update.go:37.3,37.13 1 0
github.com/kanthorlabs/kanthor/services/portal/usecase/workspace_update.go:39.2,39.16 1 0
github.com/kanthorlabs/kanthor/services/portal/usecase/workspace_update.go:39.16,42.3 1 0
github.com/kanthorlabs/kanthor/services/portal/usecase/workspace_update.go:44.2,45.17 2 0
github.com/kanthorlabs/kanthor/services/portal/usecase/workspace_update.go:53.47,58.2 1 0
